\BOOKMARK [0][-]{chapter.1}{\376\377\000D\000e\000p\000l\000o\000y\000\040\000H\000a\000s\000h\000D\000a\000t\000a\000\040\000L\000i\000g\000h\000t\000n\000i\000n\000g\000\040\000t\000h\000r\000o\000u\000g\000h\000\040\000V\000i\000s\000u\000a\000l\000\040\000I\000n\000t\000e\000r\000f\000a\000c\000e}{}% 1
\BOOKMARK [1][-]{section.1.1}{\376\377\000A\000p\000p\000l\000i\000c\000a\000b\000l\000e\000\040\000v\000e\000r\000s\000i\000o\000n}{chapter.1}% 2
\BOOKMARK [1][-]{section.1.2}{\376\377\000D\000e\000p\000l\000o\000y\000\040\000H\000a\000s\000h\000D\000a\000t\000a\000\040\000L\000i\000g\000h\000t\000n\000i\000n\000g\000\040\000c\000l\000u\000s\000t\000e\000r}{chapter.1}% 3
\BOOKMARK [2][-]{subsection*.2}{\376\377\000S\000o\000f\000t\000w\000a\000r\000e\000\040\000a\000n\000d\000\040\000h\000a\000r\000d\000w\000a\000r\000e\000\040\000c\000o\000n\000f\000i\000g\000u\000r\000a\000t\000i\000o\000n\000\040\000r\000e\000q\000u\000i\000r\000e\000m\000e\000n\000t\000s}{section.1.2}% 4
\BOOKMARK [2][-]{subsection*.3}{\376\377\000I\000n\000s\000t\000a\000l\000l\000a\000t\000i\000o\000n\000\040\000s\000t\000e\000p\000s}{section.1.2}% 5
\BOOKMARK [3][-]{subsubsection*.4}{\376\377\000S\000t\000e\000p\000\040\0001\000:\000\040\000P\000r\000e\000p\000a\000r\000e\000\040\000t\000o\000\040\000d\000e\000p\000l\000o\000y}{subsection*.3}% 6
\BOOKMARK [3][-]{subsubsection*.5}{\376\377\000S\000t\000e\000p\000\040\0002\000:\000\040\000I\000n\000s\000t\000a\000l\000l\000\040\000t\000h\000e\000\040\000d\000a\000t\000a\000b\000a\000s\000e\000\040\000R\000P\000M\000\040\000p\000a\000c\000k\000a\000g\000e}{subsection*.3}% 7
\BOOKMARK [3][-]{subsubsection*.6}{\376\377\000S\000t\000e\000p\000\040\0003\000:\000\040\000D\000e\000p\000l\000o\000y\000\040\000t\000h\000e\000\040\000d\000a\000t\000a\000b\000a\000s\000e\000\040\000t\000h\000r\000o\000u\000g\000h\000\040\000t\000h\000e\000\040\000i\000n\000t\000e\000r\000f\000a\000c\000e}{subsection*.3}% 8
\BOOKMARK [4][-]{paragraph*.7}{\376\377\000A\000c\000c\000e\000s\000s\000\040\000t\000h\000e\000\040\000d\000e\000p\000l\000o\000y\000m\000e\000n\000t\000\040\000i\000n\000t\000e\000r\000f\000a\000c\000e}{subsubsection*.6}% 9
\BOOKMARK [4][-]{paragraph*.8}{\376\377\000D\000e\000p\000l\000o\000y\000\040\000i\000n\000\040\000s\000i\000n\000g\000l\000e\000-\000n\000o\000d\000e\000\040\000m\000o\000d\000e}{subsubsection*.6}% 10
\BOOKMARK [4][-]{paragraph*.9}{\376\377\000D\000e\000p\000l\000o\000y\000\040\000i\000n\000\040\000m\000u\000l\000t\000i\000-\000n\000o\000d\000e\000\040\000m\000o\000d\000e}{subsubsection*.6}% 11
\BOOKMARK [3][-]{subsubsection*.10}{\376\377\000S\000t\000e\000p\000\040\0004\000:\000\040\000P\000e\000r\000f\000o\000r\000m\000\040\000p\000o\000s\000t\000-\000i\000n\000s\000t\000a\000l\000l\000a\000t\000i\000o\000n\000\040\000c\000o\000n\000f\000i\000g\000u\000r\000a\000t\000i\000o\000n}{subsection*.3}% 12
\BOOKMARK [1][-]{section.1.3}{\376\377\000T\000r\000o\000u\000b\000l\000e\000s\000h\000o\000o\000t\000i\000n\000g\000\040\000t\000i\000p\000s}{chapter.1}% 13
\BOOKMARK [0][-]{chapter.2}{\376\377\000V\000i\000e\000w\000\040\000m\000o\000n\000i\000t\000o\000r\000i\000n\000g\000\040\000d\000a\000t\000a\000\040\000u\000s\000i\000n\000g\000\040\000t\000h\000e\000\040\000W\000e\000b\000\040\000P\000l\000a\000t\000f\000o\000r\000m}{}% 14
\BOOKMARK [1][-]{section.2.1}{\376\377\000V\000i\000e\000w\000\040\000C\000l\000u\000s\000t\000e\000r\000\040\000I\000n\000f\000o\000r\000m\000a\000t\000i\000o\000n}{chapter.2}% 15
\BOOKMARK [2][-]{subsection*.11}{\376\377\000S\000t\000e\000p\000s}{section.2.1}% 16
\BOOKMARK [1][-]{section.2.2}{\376\377\000C\000l\000u\000s\000t\000e\000r\000\040\000S\000t\000a\000t\000u\000s\000\040\000a\000n\000d\000\040\000M\000e\000t\000r\000i\000c\000s}{chapter.2}% 17
\BOOKMARK [2][-]{subsection*.12}{\376\377\000A\000c\000c\000e\000s\000s\000\040\000t\000h\000e\000\040\000p\000a\000g\000e\000s}{section.2.2}% 18
\BOOKMARK [2][-]{subsection*.13}{\376\377\000V\000i\000e\000w\000\040\000t\000h\000e\000\040\000o\000v\000e\000r\000a\000l\000l\000\040\000s\000t\000a\000t\000u\000s\000\040\000a\000n\000d\000\040\000d\000a\000t\000a\000\040\000o\000f\000\040\000t\000h\000e\000\040\000c\000l\000u\000s\000t\000e\000r}{section.2.2}% 19
\BOOKMARK [3][-]{subsubsection*.14}{\376\377\000C\000l\000u\000s\000t\000e\000r\000\040\000C\000P\000U\000\040\000u\000s\000a\000g\000e\000\040\000s\000t\000a\000t\000u\000s}{subsection*.13}% 20
\BOOKMARK [3][-]{subsubsection*.15}{\376\377\000C\000l\000u\000s\000t\000e\000r\000\040\000m\000e\000m\000o\000r\000y\000\040\000u\000s\000a\000g\000e\000\040\000s\000t\000a\000t\000u\000s}{subsection*.13}% 21
\BOOKMARK [3][-]{subsubsection*.16}{\376\377\000C\000l\000u\000s\000t\000e\000r\000\040\000d\000i\000s\000k\000\040\000I\000/\000O\000\040\000r\000a\000t\000e}{subsection*.13}% 22
\BOOKMARK [3][-]{subsubsection*.17}{\376\377\000N\000e\000t\000w\000o\000r\000k\000\040\000I\000/\000O\000\040\000r\000a\000t\000e}{subsection*.13}% 23
\BOOKMARK [2][-]{subsection*.18}{\376\377\000V\000i\000e\000w\000\040\000t\000h\000e\000\040\000s\000t\000a\000t\000u\000s\000\040\000a\000n\000d\000\040\000d\000a\000t\000a\000\040\000o\000f\000\040\000n\000o\000d\000e\000s\000\040\000a\000n\000d\000\040\000h\000o\000s\000t\000s}{section.2.2}% 24
\BOOKMARK [3][-]{subsubsection*.19}{\376\377\000H\000o\000s\000t\000\040\000m\000e\000t\000r\000i\000c\000s}{subsection*.18}% 25
\BOOKMARK [3][-]{subsubsection*.20}{\376\377\000S\000e\000g\000m\000e\000n\000t\000\040\000s\000t\000a\000t\000u\000s}{subsection*.18}% 26
\BOOKMARK [1][-]{section.2.3}{\376\377\000V\000i\000e\000w\000\040\000D\000a\000t\000a\000b\000a\000s\000e\000\040\000O\000b\000j\000e\000c\000t\000\040\000I\000n\000f\000o\000r\000m\000a\000t\000i\000o\000n}{chapter.2}% 27
\BOOKMARK [2][-]{subsection*.21}{\376\377\000V\000i\000e\000w\000\040\000t\000a\000b\000l\000e\000\040\000o\000b\000j\000e\000c\000t\000s}{section.2.3}% 28
\BOOKMARK [1][-]{section.2.4}{\376\377\000V\000i\000e\000w\000\040\000S\000Q\000L\000\040\000M\000o\000n\000i\000t\000o\000r\000i\000n\000g\000\040\000I\000n\000f\000o\000r\000m\000a\000t\000i\000o\000n}{chapter.2}% 29
\BOOKMARK [2][-]{subsection*.22}{\376\377\000A\000c\000c\000e\000s\000s\000\040\000t\000h\000e\000\040\000p\000a\000g\000e}{section.2.4}% 30
\BOOKMARK [2][-]{subsection*.23}{\376\377\000V\000i\000e\000w\000\040\000S\000Q\000L\000\040\000e\000x\000e\000c\000u\000t\000i\000o\000n\000\040\000s\000t\000a\000t\000u\000s}{section.2.4}% 31
\BOOKMARK [3][-]{subsubsection*.24}{\376\377\000C\000a\000n\000c\000e\000l\000\040\000S\000Q\000L\000\040\000e\000x\000e\000c\000u\000t\000i\000o\000n}{subsection*.23}% 32
\BOOKMARK [3][-]{subsubsection*.25}{\376\377\000V\000i\000e\000w\000\040\000S\000Q\000L\000\040\000d\000e\000t\000a\000i\000l\000s}{subsection*.23}% 33
\BOOKMARK [2][-]{subsection*.26}{\376\377\000V\000i\000e\000w\000\040\000s\000e\000s\000s\000i\000o\000n\000\040\000s\000t\000a\000t\000u\000s}{section.2.4}% 34
\BOOKMARK [1][-]{section.2.5}{\376\377\000V\000i\000e\000w\000\040\000S\000t\000o\000r\000a\000g\000e\000\040\000I\000n\000f\000o\000r\000m\000a\000t\000i\000o\000n}{chapter.2}% 35
\BOOKMARK [2][-]{subsection*.27}{\376\377\000S\000t\000e\000p\000s}{section.2.5}% 36
